{"level":"info","message":"Listening on port 3000...","timestamp":"2019-05-09T06:44:08.215Z"}
{"level":"info","message":"Connected to mongodb://localhost/HR...","timestamp":"2019-05-09T06:44:09.627Z"}
{"level":"info","message":"Listening on port 3000...","timestamp":"2019-05-09T06:45:33.250Z"}
{"level":"info","message":"Connected to mongodb://localhost/HR...","timestamp":"2019-05-09T06:45:34.278Z"}
{"level":"info","message":"Listening on port 3000...","timestamp":"2019-05-09T06:51:31.567Z"}
{"level":"info","message":"Connected to mongodb://localhost/HR...","timestamp":"2019-05-09T06:51:32.598Z"}
{"level":"info","message":"Listening on port 3000...","timestamp":"2019-05-09T06:52:21.019Z"}
{"level":"info","message":"Connected to mongodb://localhost/HR...","timestamp":"2019-05-09T06:52:22.047Z"}
{"level":"info","message":"Listening on port 3000...","timestamp":"2019-05-09T06:52:44.848Z"}
{"level":"info","message":"Connected to mongodb://localhost/HR...","timestamp":"2019-05-09T06:52:45.878Z"}
{"level":"info","message":"Listening on port 3000...","timestamp":"2019-05-09T06:52:54.168Z"}
{"level":"info","message":"Connected to mongodb://localhost/HR...","timestamp":"2019-05-09T06:52:55.203Z"}
{"level":"info","message":"Listening on port 3000...","timestamp":"2019-05-09T07:02:20.600Z"}
{"level":"info","message":"Connected to mongodb://localhost/HR...","timestamp":"2019-05-09T07:02:21.628Z"}
{"level":"info","message":"Listening on port 3000...","timestamp":"2019-05-09T07:02:24.889Z"}
{"level":"info","message":"Connected to mongodb://localhost/HR...","timestamp":"2019-05-09T07:02:25.928Z"}
{"level":"info","message":"Listening on port 3000...","timestamp":"2019-05-09T07:02:35.168Z"}
{"level":"info","message":"Connected to mongodb://localhost/HR...","timestamp":"2019-05-09T07:02:36.212Z"}
{"level":"info","message":"Listening on port 3000...","timestamp":"2019-05-09T07:03:19.014Z"}
{"level":"info","message":"Connected to mongodb://localhost/HR...","timestamp":"2019-05-09T07:03:20.041Z"}
{"level":"info","message":"Listening on port 3000...","timestamp":"2019-05-09T07:14:11.237Z"}
{"level":"info","message":"Connected to mongodb://localhost/HR...","timestamp":"2019-05-09T07:14:12.265Z"}
{"level":"info","message":"Listening on port 3000...","timestamp":"2019-05-09T07:14:20.419Z"}
{"level":"info","message":"Connected to mongodb://localhost/HR...","timestamp":"2019-05-09T07:14:21.447Z"}
{"message":"User.findOneAndDelete is not a function","stack":"TypeError: User.findOneAndDelete is not a function\n    at router.delete (E:\\3rd\\SWE\\HR-System-Website\\Backend\\routes\\users.js:83:27)\n    at E:\\3rd\\SWE\\HR-System-Website\\Backend\\node_modules\\express-async-errors\\index.js:17:17\n    at Layer.handle [as handle_request] (E:\\3rd\\SWE\\HR-System-Website\\Backend\\node_modules\\express\\lib\\router\\layer.js:95:5)\n    at next (E:\\3rd\\SWE\\HR-System-Website\\Backend\\node_modules\\express\\lib\\router\\route.js:137:13)\n    at Route.dispatch (E:\\3rd\\SWE\\HR-System-Website\\Backend\\node_modules\\express\\lib\\router\\route.js:112:3)\n    at E:\\3rd\\SWE\\HR-System-Website\\Backend\\node_modules\\express-async-errors\\index.js:17:17\n    at Layer.handle [as handle_request] (E:\\3rd\\SWE\\HR-System-Website\\Backend\\node_modules\\express\\lib\\router\\layer.js:95:5)\n    at E:\\3rd\\SWE\\HR-System-Website\\Backend\\node_modules\\express\\lib\\router\\index.js:281:22\n    at Function.process_params (E:\\3rd\\SWE\\HR-System-Website\\Backend\\node_modules\\express\\lib\\router\\index.js:335:12)\n    at next (E:\\3rd\\SWE\\HR-System-Website\\Backend\\node_modules\\express\\lib\\router\\index.js:275:10)\n    at Function.handle (E:\\3rd\\SWE\\HR-System-Website\\Backend\\node_modules\\express\\lib\\router\\index.js:174:3)\n    at router (E:\\3rd\\SWE\\HR-System-Website\\Backend\\node_modules\\express\\lib\\router\\index.js:47:12)\n    at E:\\3rd\\SWE\\HR-System-Website\\Backend\\node_modules\\express-async-errors\\index.js:17:17\n    at Layer.handle [as handle_request] (E:\\3rd\\SWE\\HR-System-Website\\Backend\\node_modules\\express\\lib\\router\\layer.js:95:5)\n    at trim_prefix (E:\\3rd\\SWE\\HR-System-Website\\Backend\\node_modules\\express\\lib\\router\\index.js:317:13)\n    at E:\\3rd\\SWE\\HR-System-Website\\Backend\\node_modules\\express\\lib\\router\\index.js:284:7","level":"error","timestamp":"2019-05-09T07:14:26.286Z"}
{"level":"info","message":"Listening on port 3000...","timestamp":"2019-05-09T07:15:46.704Z"}
{"level":"info","message":"Connected to mongodb://localhost/HR...","timestamp":"2019-05-09T07:15:47.744Z"}
{"level":"info","message":"Listening on port 3000...","timestamp":"2019-05-09T07:16:20.264Z"}
{"level":"info","message":"Connected to mongodb://localhost/HR...","timestamp":"2019-05-09T07:16:21.296Z"}
{"level":"info","message":"Listening on port 3000...","timestamp":"2019-05-09T07:16:33.618Z"}
{"level":"info","message":"Connected to mongodb://localhost/HR...","timestamp":"2019-05-09T07:16:34.654Z"}
{"level":"info","message":"Listening on port 3000...","timestamp":"2019-05-09T07:16:49.716Z"}
{"level":"info","message":"Connected to mongodb://localhost/HR...","timestamp":"2019-05-09T07:16:50.742Z"}
{"level":"info","message":"Listening on port 3000...","timestamp":"2019-05-09T07:19:06.040Z"}
{"level":"info","message":"Connected to mongodb://localhost/HR...","timestamp":"2019-05-09T07:19:07.073Z"}
{"message":"User.findOneAndDelete is not a function","stack":"TypeError: User.findOneAndDelete is not a function\n    at router.delete (E:\\3rd\\SWE\\HR-System-Website\\Backend\\routes\\users.js:86:27)\n    at E:\\3rd\\SWE\\HR-System-Website\\Backend\\node_modules\\express-async-errors\\index.js:17:17\n    at Layer.handle [as handle_request] (E:\\3rd\\SWE\\HR-System-Website\\Backend\\node_modules\\express\\lib\\router\\layer.js:95:5)\n    at next (E:\\3rd\\SWE\\HR-System-Website\\Backend\\node_modules\\express\\lib\\router\\route.js:137:13)\n    at Route.dispatch (E:\\3rd\\SWE\\HR-System-Website\\Backend\\node_modules\\express\\lib\\router\\route.js:112:3)\n    at E:\\3rd\\SWE\\HR-System-Website\\Backend\\node_modules\\express-async-errors\\index.js:17:17\n    at Layer.handle [as handle_request] (E:\\3rd\\SWE\\HR-System-Website\\Backend\\node_modules\\express\\lib\\router\\layer.js:95:5)\n    at E:\\3rd\\SWE\\HR-System-Website\\Backend\\node_modules\\express\\lib\\router\\index.js:281:22\n    at Function.process_params (E:\\3rd\\SWE\\HR-System-Website\\Backend\\node_modules\\express\\lib\\router\\index.js:335:12)\n    at next (E:\\3rd\\SWE\\HR-System-Website\\Backend\\node_modules\\express\\lib\\router\\index.js:275:10)\n    at Function.handle (E:\\3rd\\SWE\\HR-System-Website\\Backend\\node_modules\\express\\lib\\router\\index.js:174:3)\n    at router (E:\\3rd\\SWE\\HR-System-Website\\Backend\\node_modules\\express\\lib\\router\\index.js:47:12)\n    at E:\\3rd\\SWE\\HR-System-Website\\Backend\\node_modules\\express-async-errors\\index.js:17:17\n    at Layer.handle [as handle_request] (E:\\3rd\\SWE\\HR-System-Website\\Backend\\node_modules\\express\\lib\\router\\layer.js:95:5)\n    at trim_prefix (E:\\3rd\\SWE\\HR-System-Website\\Backend\\node_modules\\express\\lib\\router\\index.js:317:13)\n    at E:\\3rd\\SWE\\HR-System-Website\\Backend\\node_modules\\express\\lib\\router\\index.js:284:7","level":"error","timestamp":"2019-05-09T07:19:16.323Z"}
{"level":"info","message":"Listening on port 3000...","timestamp":"2019-05-09T07:21:01.236Z"}
{"level":"info","message":"Connected to mongodb://localhost/HR...","timestamp":"2019-05-09T07:21:02.266Z"}
{"message":"User.findOneAndDelete is not a function","stack":"TypeError: User.findOneAndDelete is not a function\n    at router.delete (E:\\3rd\\SWE\\HR-System-Website\\Backend\\routes\\users.js:85:27)\n    at E:\\3rd\\SWE\\HR-System-Website\\Backend\\node_modules\\express-async-errors\\index.js:17:17\n    at Layer.handle [as handle_request] (E:\\3rd\\SWE\\HR-System-Website\\Backend\\node_modules\\express\\lib\\router\\layer.js:95:5)\n    at next (E:\\3rd\\SWE\\HR-System-Website\\Backend\\node_modules\\express\\lib\\router\\route.js:137:13)\n    at Route.dispatch (E:\\3rd\\SWE\\HR-System-Website\\Backend\\node_modules\\express\\lib\\router\\route.js:112:3)\n    at E:\\3rd\\SWE\\HR-System-Website\\Backend\\node_modules\\express-async-errors\\index.js:17:17\n    at Layer.handle [as handle_request] (E:\\3rd\\SWE\\HR-System-Website\\Backend\\node_modules\\express\\lib\\router\\layer.js:95:5)\n    at E:\\3rd\\SWE\\HR-System-Website\\Backend\\node_modules\\express\\lib\\router\\index.js:281:22\n    at Function.process_params (E:\\3rd\\SWE\\HR-System-Website\\Backend\\node_modules\\express\\lib\\router\\index.js:335:12)\n    at next (E:\\3rd\\SWE\\HR-System-Website\\Backend\\node_modules\\express\\lib\\router\\index.js:275:10)\n    at Function.handle (E:\\3rd\\SWE\\HR-System-Website\\Backend\\node_modules\\express\\lib\\router\\index.js:174:3)\n    at router (E:\\3rd\\SWE\\HR-System-Website\\Backend\\node_modules\\express\\lib\\router\\index.js:47:12)\n    at E:\\3rd\\SWE\\HR-System-Website\\Backend\\node_modules\\express-async-errors\\index.js:17:17\n    at Layer.handle [as handle_request] (E:\\3rd\\SWE\\HR-System-Website\\Backend\\node_modules\\express\\lib\\router\\layer.js:95:5)\n    at trim_prefix (E:\\3rd\\SWE\\HR-System-Website\\Backend\\node_modules\\express\\lib\\router\\index.js:317:13)\n    at E:\\3rd\\SWE\\HR-System-Website\\Backend\\node_modules\\express\\lib\\router\\index.js:284:7","level":"error","timestamp":"2019-05-09T07:21:03.507Z"}
{"level":"info","message":"Listening on port 3000...","timestamp":"2019-05-09T07:21:18.426Z"}
{"level":"info","message":"Connected to mongodb://localhost/HR...","timestamp":"2019-05-09T07:21:19.453Z"}
{"level":"info","message":"Listening on port 3000...","timestamp":"2019-05-09T07:21:28.811Z"}
{"level":"info","message":"Connected to mongodb://localhost/HR...","timestamp":"2019-05-09T07:21:29.841Z"}
{"message":"User.findOneAndDelete is not a function","stack":"TypeError: User.findOneAndDelete is not a function\n    at router.delete (E:\\3rd\\SWE\\HR-System-Website\\Backend\\routes\\users.js:85:27)\n    at E:\\3rd\\SWE\\HR-System-Website\\Backend\\node_modules\\express-async-errors\\index.js:17:17\n    at Layer.handle [as handle_request] (E:\\3rd\\SWE\\HR-System-Website\\Backend\\node_modules\\express\\lib\\router\\layer.js:95:5)\n    at next (E:\\3rd\\SWE\\HR-System-Website\\Backend\\node_modules\\express\\lib\\router\\route.js:137:13)\n    at Route.dispatch (E:\\3rd\\SWE\\HR-System-Website\\Backend\\node_modules\\express\\lib\\router\\route.js:112:3)\n    at E:\\3rd\\SWE\\HR-System-Website\\Backend\\node_modules\\express-async-errors\\index.js:17:17\n    at Layer.handle [as handle_request] (E:\\3rd\\SWE\\HR-System-Website\\Backend\\node_modules\\express\\lib\\router\\layer.js:95:5)\n    at E:\\3rd\\SWE\\HR-System-Website\\Backend\\node_modules\\express\\lib\\router\\index.js:281:22\n    at Function.process_params (E:\\3rd\\SWE\\HR-System-Website\\Backend\\node_modules\\express\\lib\\router\\index.js:335:12)\n    at next (E:\\3rd\\SWE\\HR-System-Website\\Backend\\node_modules\\express\\lib\\router\\index.js:275:10)\n    at Function.handle (E:\\3rd\\SWE\\HR-System-Website\\Backend\\node_modules\\express\\lib\\router\\index.js:174:3)\n    at router (E:\\3rd\\SWE\\HR-System-Website\\Backend\\node_modules\\express\\lib\\router\\index.js:47:12)\n    at E:\\3rd\\SWE\\HR-System-Website\\Backend\\node_modules\\express-async-errors\\index.js:17:17\n    at Layer.handle [as handle_request] (E:\\3rd\\SWE\\HR-System-Website\\Backend\\node_modules\\express\\lib\\router\\layer.js:95:5)\n    at trim_prefix (E:\\3rd\\SWE\\HR-System-Website\\Backend\\node_modules\\express\\lib\\router\\index.js:317:13)\n    at E:\\3rd\\SWE\\HR-System-Website\\Backend\\node_modules\\express\\lib\\router\\index.js:284:7","level":"error","timestamp":"2019-05-09T07:21:30.140Z"}
{"level":"info","message":"Listening on port 3000...","timestamp":"2019-05-09T07:21:41.325Z"}
{"level":"info","message":"Connected to mongodb://localhost/HR...","timestamp":"2019-05-09T07:21:42.351Z"}
{"level":"info","message":"Listening on port 3000...","timestamp":"2019-05-09T07:22:21.914Z"}
{"level":"info","message":"Connected to mongodb://localhost/HR...","timestamp":"2019-05-09T07:22:22.942Z"}
{"level":"info","message":"Listening on port 3000...","timestamp":"2019-05-09T07:22:34.228Z"}
{"level":"info","message":"Connected to mongodb://localhost/HR...","timestamp":"2019-05-09T07:22:35.256Z"}
{"message":"User.findOneAndDelete is not a function","stack":"TypeError: User.findOneAndDelete is not a function\n    at router.delete (E:\\3rd\\SWE\\HR-System-Website\\Backend\\routes\\users.js:85:27)\n    at E:\\3rd\\SWE\\HR-System-Website\\Backend\\node_modules\\express-async-errors\\index.js:17:17\n    at Layer.handle [as handle_request] (E:\\3rd\\SWE\\HR-System-Website\\Backend\\node_modules\\express\\lib\\router\\layer.js:95:5)\n    at next (E:\\3rd\\SWE\\HR-System-Website\\Backend\\node_modules\\express\\lib\\router\\route.js:137:13)\n    at Route.dispatch (E:\\3rd\\SWE\\HR-System-Website\\Backend\\node_modules\\express\\lib\\router\\route.js:112:3)\n    at E:\\3rd\\SWE\\HR-System-Website\\Backend\\node_modules\\express-async-errors\\index.js:17:17\n    at Layer.handle [as handle_request] (E:\\3rd\\SWE\\HR-System-Website\\Backend\\node_modules\\express\\lib\\router\\layer.js:95:5)\n    at E:\\3rd\\SWE\\HR-System-Website\\Backend\\node_modules\\express\\lib\\router\\index.js:281:22\n    at Function.process_params (E:\\3rd\\SWE\\HR-System-Website\\Backend\\node_modules\\express\\lib\\router\\index.js:335:12)\n    at next (E:\\3rd\\SWE\\HR-System-Website\\Backend\\node_modules\\express\\lib\\router\\index.js:275:10)\n    at Function.handle (E:\\3rd\\SWE\\HR-System-Website\\Backend\\node_modules\\express\\lib\\router\\index.js:174:3)\n    at router (E:\\3rd\\SWE\\HR-System-Website\\Backend\\node_modules\\express\\lib\\router\\index.js:47:12)\n    at E:\\3rd\\SWE\\HR-System-Website\\Backend\\node_modules\\express-async-errors\\index.js:17:17\n    at Layer.handle [as handle_request] (E:\\3rd\\SWE\\HR-System-Website\\Backend\\node_modules\\express\\lib\\router\\layer.js:95:5)\n    at trim_prefix (E:\\3rd\\SWE\\HR-System-Website\\Backend\\node_modules\\express\\lib\\router\\index.js:317:13)\n    at E:\\3rd\\SWE\\HR-System-Website\\Backend\\node_modules\\express\\lib\\router\\index.js:284:7","level":"error","timestamp":"2019-05-09T07:22:36.097Z"}
{"message":"User.findOneAndDelete is not a function","stack":"TypeError: User.findOneAndDelete is not a function\n    at router.delete (E:\\3rd\\SWE\\HR-System-Website\\Backend\\routes\\users.js:85:27)\n    at E:\\3rd\\SWE\\HR-System-Website\\Backend\\node_modules\\express-async-errors\\index.js:17:17\n    at Layer.handle [as handle_request] (E:\\3rd\\SWE\\HR-System-Website\\Backend\\node_modules\\express\\lib\\router\\layer.js:95:5)\n    at next (E:\\3rd\\SWE\\HR-System-Website\\Backend\\node_modules\\express\\lib\\router\\route.js:137:13)\n    at Route.dispatch (E:\\3rd\\SWE\\HR-System-Website\\Backend\\node_modules\\express\\lib\\router\\route.js:112:3)\n    at E:\\3rd\\SWE\\HR-System-Website\\Backend\\node_modules\\express-async-errors\\index.js:17:17\n    at Layer.handle [as handle_request] (E:\\3rd\\SWE\\HR-System-Website\\Backend\\node_modules\\express\\lib\\router\\layer.js:95:5)\n    at E:\\3rd\\SWE\\HR-System-Website\\Backend\\node_modules\\express\\lib\\router\\index.js:281:22\n    at Function.process_params (E:\\3rd\\SWE\\HR-System-Website\\Backend\\node_modules\\express\\lib\\router\\index.js:335:12)\n    at next (E:\\3rd\\SWE\\HR-System-Website\\Backend\\node_modules\\express\\lib\\router\\index.js:275:10)\n    at Function.handle (E:\\3rd\\SWE\\HR-System-Website\\Backend\\node_modules\\express\\lib\\router\\index.js:174:3)\n    at router (E:\\3rd\\SWE\\HR-System-Website\\Backend\\node_modules\\express\\lib\\router\\index.js:47:12)\n    at E:\\3rd\\SWE\\HR-System-Website\\Backend\\node_modules\\express-async-errors\\index.js:17:17\n    at Layer.handle [as handle_request] (E:\\3rd\\SWE\\HR-System-Website\\Backend\\node_modules\\express\\lib\\router\\layer.js:95:5)\n    at trim_prefix (E:\\3rd\\SWE\\HR-System-Website\\Backend\\node_modules\\express\\lib\\router\\index.js:317:13)\n    at E:\\3rd\\SWE\\HR-System-Website\\Backend\\node_modules\\express\\lib\\router\\index.js:284:7","level":"error","timestamp":"2019-05-09T07:22:37.348Z"}
{"level":"info","message":"Listening on port 3000...","timestamp":"2019-05-09T07:22:46.549Z"}
{"level":"info","message":"Connected to mongodb://localhost/HR...","timestamp":"2019-05-09T07:22:47.576Z"}
{"level":"info","message":"Listening on port 3000...","timestamp":"2019-05-09T07:23:00.856Z"}
{"level":"info","message":"Connected to mongodb://localhost/HR...","timestamp":"2019-05-09T07:23:01.893Z"}
{"level":"info","message":"Listening on port 3000...","timestamp":"2019-05-09T07:23:26.885Z"}
{"level":"info","message":"Connected to mongodb://localhost/HR...","timestamp":"2019-05-09T07:23:27.916Z"}
{"level":"info","message":"Listening on port 3000...","timestamp":"2019-05-09T07:24:13.446Z"}
{"level":"info","message":"Connected to mongodb://localhost/HR...","timestamp":"2019-05-09T07:24:14.484Z"}
{"message":"User.findOneAndDelete is not a function","stack":"TypeError: User.findOneAndDelete is not a function\n    at router.delete (E:\\3rd\\SWE\\HR-System-Website\\Backend\\routes\\users.js:85:27)\n    at E:\\3rd\\SWE\\HR-System-Website\\Backend\\node_modules\\express-async-errors\\index.js:17:17\n    at Layer.handle [as handle_request] (E:\\3rd\\SWE\\HR-System-Website\\Backend\\node_modules\\express\\lib\\router\\layer.js:95:5)\n    at next (E:\\3rd\\SWE\\HR-System-Website\\Backend\\node_modules\\express\\lib\\router\\route.js:137:13)\n    at Route.dispatch (E:\\3rd\\SWE\\HR-System-Website\\Backend\\node_modules\\express\\lib\\router\\route.js:112:3)\n    at E:\\3rd\\SWE\\HR-System-Website\\Backend\\node_modules\\express-async-errors\\index.js:17:17\n    at Layer.handle [as handle_request] (E:\\3rd\\SWE\\HR-System-Website\\Backend\\node_modules\\express\\lib\\router\\layer.js:95:5)\n    at E:\\3rd\\SWE\\HR-System-Website\\Backend\\node_modules\\express\\lib\\router\\index.js:281:22\n    at Function.process_params (E:\\3rd\\SWE\\HR-System-Website\\Backend\\node_modules\\express\\lib\\router\\index.js:335:12)\n    at next (E:\\3rd\\SWE\\HR-System-Website\\Backend\\node_modules\\express\\lib\\router\\index.js:275:10)\n    at Function.handle (E:\\3rd\\SWE\\HR-System-Website\\Backend\\node_modules\\express\\lib\\router\\index.js:174:3)\n    at router (E:\\3rd\\SWE\\HR-System-Website\\Backend\\node_modules\\express\\lib\\router\\index.js:47:12)\n    at E:\\3rd\\SWE\\HR-System-Website\\Backend\\node_modules\\express-async-errors\\index.js:17:17\n    at Layer.handle [as handle_request] (E:\\3rd\\SWE\\HR-System-Website\\Backend\\node_modules\\express\\lib\\router\\layer.js:95:5)\n    at trim_prefix (E:\\3rd\\SWE\\HR-System-Website\\Backend\\node_modules\\express\\lib\\router\\index.js:317:13)\n    at E:\\3rd\\SWE\\HR-System-Website\\Backend\\node_modules\\express\\lib\\router\\index.js:284:7","level":"error","timestamp":"2019-05-09T07:24:24.764Z"}
{"level":"info","message":"Listening on port 3000...","timestamp":"2019-05-09T07:24:31.142Z"}
{"level":"info","message":"Connected to mongodb://localhost/HR...","timestamp":"2019-05-09T07:24:32.172Z"}
{"level":"info","message":"Listening on port 3000...","timestamp":"2019-05-09T07:26:48.410Z"}
{"level":"info","message":"Connected to mongodb://localhost/HR...","timestamp":"2019-05-09T07:26:49.437Z"}
{"level":"info","message":"Listening on port 3000...","timestamp":"2019-05-09T07:34:13.223Z"}
{"level":"info","message":"Connected to mongodb://localhost/HR...","timestamp":"2019-05-09T07:34:14.252Z"}
{"message":"Unexpected token } in JSON at position 109","stack":"SyntaxError: Unexpected token } in JSON at position 109\n    at JSON.parse (<anonymous>)\n    at parse (E:\\3rd\\SWE\\HR-System-Website\\Backend\\node_modules\\body-parser\\lib\\types\\json.js:89:19)\n    at E:\\3rd\\SWE\\HR-System-Website\\Backend\\node_modules\\body-parser\\lib\\read.js:121:18\n    at invokeCallback (E:\\3rd\\SWE\\HR-System-Website\\Backend\\node_modules\\raw-body\\index.js:224:16)\n    at done (E:\\3rd\\SWE\\HR-System-Website\\Backend\\node_modules\\raw-body\\index.js:213:7)\n    at IncomingMessage.onEnd (E:\\3rd\\SWE\\HR-System-Website\\Backend\\node_modules\\raw-body\\index.js:273:7)\n    at IncomingMessage.emit (events.js:189:13)\n    at endReadableNT (_stream_readable.js:1103:12)\n    at process._tickCallback (internal/process/next_tick.js:63:19)","expose":true,"statusCode":400,"status":400,"body":"{\n\t\"name\": \"Mohamed Mahmoud\",\n\t\"email\": \"mmm@mmm.mmm\",\n\t\"password\": \"123456789\",\n\t\"rePassword\": \"123456789\",\n}","type":"entity.parse.failed","level":"error","timestamp":"2019-05-09T07:35:25.157Z"}
{"message":"bcrypt is not defined","stack":"ReferenceError: bcrypt is not defined\n    at router.post (E:\\3rd\\SWE\\HR-System-Website\\Backend\\routes\\users.js:47:16)\n    at process._tickCallback (internal/process/next_tick.js:68:7)","level":"error","timestamp":"2019-05-09T07:36:32.193Z"}
{"message":"bcrypt is not defined","stack":"ReferenceError: bcrypt is not defined\n    at router.post (E:\\3rd\\SWE\\HR-System-Website\\Backend\\routes\\users.js:47:16)\n    at process._tickCallback (internal/process/next_tick.js:68:7)","level":"error","timestamp":"2019-05-09T07:36:36.150Z"}
{"message":"Unexpected token ' in JSON at position 142","stack":"SyntaxError: Unexpected token ' in JSON at position 142\n    at JSON.parse (<anonymous>)\n    at parse (E:\\3rd\\SWE\\HR-System-Website\\Backend\\node_modules\\body-parser\\lib\\types\\json.js:89:19)\n    at E:\\3rd\\SWE\\HR-System-Website\\Backend\\node_modules\\body-parser\\lib\\read.js:121:18\n    at invokeCallback (E:\\3rd\\SWE\\HR-System-Website\\Backend\\node_modules\\raw-body\\index.js:224:16)\n    at done (E:\\3rd\\SWE\\HR-System-Website\\Backend\\node_modules\\raw-body\\index.js:213:7)\n    at IncomingMessage.onEnd (E:\\3rd\\SWE\\HR-System-Website\\Backend\\node_modules\\raw-body\\index.js:273:7)\n    at IncomingMessage.emit (events.js:189:13)\n    at endReadableNT (_stream_readable.js:1103:12)\n    at process._tickCallback (internal/process/next_tick.js:63:19)","expose":true,"statusCode":400,"status":400,"body":"{\n\t\"name\": \"Mohamed Mahmoud\",\n\t\"email\": \"mmm@mmm.mmm\",\n\t\"password\": \"123456789\",\n\t\"rePassword\": \"123456789\",\n\t\"phone\": \"0123456789\",\n\t\"role\": 'IT'\n}","type":"entity.parse.failed","level":"error","timestamp":"2019-05-09T07:36:49.293Z"}
{"message":"Unexpected token } in JSON at position 148","stack":"SyntaxError: Unexpected token } in JSON at position 148\n    at JSON.parse (<anonymous>)\n    at parse (E:\\3rd\\SWE\\HR-System-Website\\Backend\\node_modules\\body-parser\\lib\\types\\json.js:89:19)\n    at E:\\3rd\\SWE\\HR-System-Website\\Backend\\node_modules\\body-parser\\lib\\read.js:121:18\n    at invokeCallback (E:\\3rd\\SWE\\HR-System-Website\\Backend\\node_modules\\raw-body\\index.js:224:16)\n    at done (E:\\3rd\\SWE\\HR-System-Website\\Backend\\node_modules\\raw-body\\index.js:213:7)\n    at IncomingMessage.onEnd (E:\\3rd\\SWE\\HR-System-Website\\Backend\\node_modules\\raw-body\\index.js:273:7)\n    at IncomingMessage.emit (events.js:189:13)\n    at endReadableNT (_stream_readable.js:1103:12)\n    at process._tickCallback (internal/process/next_tick.js:63:19)","expose":true,"statusCode":400,"status":400,"body":"{\n\t\"name\": \"Mohamed Mahmoud\",\n\t\"email\": \"mmm@mmm.mmm\",\n\t\"password\": \"123456789\",\n\t\"rePassword\": \"123456789\",\n\t\"phone\": \"0123456789\",\n\t\"role\": \"IT\",\n}","type":"entity.parse.failed","level":"error","timestamp":"2019-05-09T07:37:29.239Z"}
{"level":"info","message":"Listening on port 3000...","timestamp":"2019-05-09T07:38:56.349Z"}
{"message":"Unexpected token } in JSON at position 148","stack":"SyntaxError: Unexpected token } in JSON at position 148\n    at JSON.parse (<anonymous>)\n    at parse (E:\\3rd\\SWE\\HR-System-Website\\Backend\\node_modules\\body-parser\\lib\\types\\json.js:89:19)\n    at E:\\3rd\\SWE\\HR-System-Website\\Backend\\node_modules\\body-parser\\lib\\read.js:121:18\n    at invokeCallback (E:\\3rd\\SWE\\HR-System-Website\\Backend\\node_modules\\raw-body\\index.js:224:16)\n    at done (E:\\3rd\\SWE\\HR-System-Website\\Backend\\node_modules\\raw-body\\index.js:213:7)\n    at IncomingMessage.onEnd (E:\\3rd\\SWE\\HR-System-Website\\Backend\\node_modules\\raw-body\\index.js:273:7)\n    at IncomingMessage.emit (events.js:189:13)\n    at endReadableNT (_stream_readable.js:1103:12)\n    at process._tickCallback (internal/process/next_tick.js:63:19)","expose":true,"statusCode":400,"status":400,"body":"{\n\t\"name\": \"Mohamed Mahmoud\",\n\t\"email\": \"mmm@mmm.mmm\",\n\t\"password\": \"123456789\",\n\t\"rePassword\": \"123456789\",\n\t\"phone\": \"0123456789\",\n\t\"role\": \"IT\",\n}","type":"entity.parse.failed","level":"error","timestamp":"2019-05-09T07:38:57.129Z"}
{"level":"info","message":"Connected to mongodb://localhost/HR...","timestamp":"2019-05-09T07:38:57.378Z"}
{"level":"info","message":"Listening on port 3000...","timestamp":"2019-05-09T07:39:22.715Z"}
{"level":"info","message":"Connected to mongodb://localhost/HR...","timestamp":"2019-05-09T07:39:23.743Z"}
{"message":"Unexpected token } in JSON at position 148","stack":"SyntaxError: Unexpected token } in JSON at position 148\n    at JSON.parse (<anonymous>)\n    at parse (E:\\3rd\\SWE\\HR-System-Website\\Backend\\node_modules\\body-parser\\lib\\types\\json.js:89:19)\n    at E:\\3rd\\SWE\\HR-System-Website\\Backend\\node_modules\\body-parser\\lib\\read.js:121:18\n    at invokeCallback (E:\\3rd\\SWE\\HR-System-Website\\Backend\\node_modules\\raw-body\\index.js:224:16)\n    at done (E:\\3rd\\SWE\\HR-System-Website\\Backend\\node_modules\\raw-body\\index.js:213:7)\n    at IncomingMessage.onEnd (E:\\3rd\\SWE\\HR-System-Website\\Backend\\node_modules\\raw-body\\index.js:273:7)\n    at IncomingMessage.emit (events.js:189:13)\n    at endReadableNT (_stream_readable.js:1103:12)\n    at process._tickCallback (internal/process/next_tick.js:63:19)","expose":true,"statusCode":400,"status":400,"body":"{\n\t\"name\": \"Mohamed Mahmoud\",\n\t\"email\": \"mmm@mmm.mmm\",\n\t\"password\": \"123456789\",\n\t\"rePassword\": \"123456789\",\n\t\"phone\": \"0123456789\",\n\t\"role\": \"IT\",\n}","type":"entity.parse.failed","level":"error","timestamp":"2019-05-09T07:39:27.169Z"}
{"level":"info","message":"Listening on port 3000...","timestamp":"2019-05-09T07:40:06.704Z"}
{"level":"info","message":"Connected to mongodb://localhost/HR...","timestamp":"2019-05-09T07:40:07.730Z"}
{"level":"info","message":"Listening on port 3000...","timestamp":"2019-05-09T07:40:46.868Z"}
{"level":"info","message":"Connected to mongodb://localhost/HR...","timestamp":"2019-05-09T07:40:47.897Z"}
{"message":"bcrypt is not defined","stack":"ReferenceError: bcrypt is not defined\n    at router.post (E:\\3rd\\SWE\\HR-System-Website\\Backend\\routes\\users.js:47:16)\n    at process._tickCallback (internal/process/next_tick.js:68:7)","level":"error","timestamp":"2019-05-09T07:40:48.942Z"}
{"level":"info","message":"Listening on port 3000...","timestamp":"2019-05-09T07:40:54.928Z"}
{"level":"info","message":"Connected to mongodb://localhost/HR...","timestamp":"2019-05-09T07:40:55.956Z"}
{"message":"Unexpected string in JSON at position 133","stack":"SyntaxError: Unexpected string in JSON at position 133\n    at JSON.parse (<anonymous>)\n    at parse (E:\\3rd\\SWE\\HR-System-Website\\Backend\\node_modules\\body-parser\\lib\\types\\json.js:89:19)\n    at E:\\3rd\\SWE\\HR-System-Website\\Backend\\node_modules\\body-parser\\lib\\read.js:121:18\n    at invokeCallback (E:\\3rd\\SWE\\HR-System-Website\\Backend\\node_modules\\raw-body\\index.js:224:16)\n    at done (E:\\3rd\\SWE\\HR-System-Website\\Backend\\node_modules\\raw-body\\index.js:213:7)\n    at IncomingMessage.onEnd (E:\\3rd\\SWE\\HR-System-Website\\Backend\\node_modules\\raw-body\\index.js:273:7)\n    at IncomingMessage.emit (events.js:189:13)\n    at endReadableNT (_stream_readable.js:1103:12)\n    at process._tickCallback (internal/process/next_tick.js:63:19)","expose":true,"statusCode":400,"status":400,"body":"{\n\t\"name\": \"Mohamed Mahmoud\",\n\t\"email\": \"mmm@mmm.mmm\",\n\t\"password\": \"123456789\",\n\t\"rePassword\": \"123456789\",\n\t\"phone\": \"0123456789\"\n\t\"role\": \"IT\",\n}","type":"entity.parse.failed","level":"error","timestamp":"2019-05-09T07:41:52.978Z"}
{"level":"info","message":"Listening on port 3000...","timestamp":"2019-05-09T07:42:14.293Z"}
{"level":"info","message":"Connected to mongodb://localhost/HR...","timestamp":"2019-05-09T07:42:15.324Z"}
{"message":"Unexpected string in JSON at position 133","stack":"SyntaxError: Unexpected string in JSON at position 133\n    at JSON.parse (<anonymous>)\n    at parse (E:\\3rd\\SWE\\HR-System-Website\\Backend\\node_modules\\body-parser\\lib\\types\\json.js:89:19)\n    at E:\\3rd\\SWE\\HR-System-Website\\Backend\\node_modules\\body-parser\\lib\\read.js:121:18\n    at invokeCallback (E:\\3rd\\SWE\\HR-System-Website\\Backend\\node_modules\\raw-body\\index.js:224:16)\n    at done (E:\\3rd\\SWE\\HR-System-Website\\Backend\\node_modules\\raw-body\\index.js:213:7)\n    at IncomingMessage.onEnd (E:\\3rd\\SWE\\HR-System-Website\\Backend\\node_modules\\raw-body\\index.js:273:7)\n    at IncomingMessage.emit (events.js:189:13)\n    at endReadableNT (_stream_readable.js:1103:12)\n    at process._tickCallback (internal/process/next_tick.js:63:19)","expose":true,"statusCode":400,"status":400,"body":"{\n\t\"name\": \"Mohamed Mahmoud\",\n\t\"email\": \"mmm@mmm.mmm\",\n\t\"password\": \"123456789\",\n\t\"rePassword\": \"123456789\",\n\t\"phone\": \"0123456789\"\n\t\"role\": \"IT\",\n}","type":"entity.parse.failed","level":"error","timestamp":"2019-05-09T07:42:15.498Z"}
{"message":"Unexpected string in JSON at position 133","stack":"SyntaxError: Unexpected string in JSON at position 133\n    at JSON.parse (<anonymous>)\n    at parse (E:\\3rd\\SWE\\HR-System-Website\\Backend\\node_modules\\body-parser\\lib\\types\\json.js:89:19)\n    at E:\\3rd\\SWE\\HR-System-Website\\Backend\\node_modules\\body-parser\\lib\\read.js:121:18\n    at invokeCallback (E:\\3rd\\SWE\\HR-System-Website\\Backend\\node_modules\\raw-body\\index.js:224:16)\n    at done (E:\\3rd\\SWE\\HR-System-Website\\Backend\\node_modules\\raw-body\\index.js:213:7)\n    at IncomingMessage.onEnd (E:\\3rd\\SWE\\HR-System-Website\\Backend\\node_modules\\raw-body\\index.js:273:7)\n    at IncomingMessage.emit (events.js:189:13)\n    at endReadableNT (_stream_readable.js:1103:12)\n    at process._tickCallback (internal/process/next_tick.js:63:19)","expose":true,"statusCode":400,"status":400,"body":"{\n\t\"name\": \"Mohamed Mahmoud\",\n\t\"email\": \"mmm@mmm.mmm\",\n\t\"password\": \"123456789\",\n\t\"rePassword\": \"123456789\",\n\t\"phone\": \"0123456789\"\n\t\"role\": \"IT\",\n}","type":"entity.parse.failed","level":"error","timestamp":"2019-05-09T07:42:20.534Z"}
{"level":"info","message":"Listening on port 3000...","timestamp":"2019-05-09T07:42:54.572Z"}
{"level":"info","message":"Connected to mongodb://localhost/HR...","timestamp":"2019-05-09T07:42:55.603Z"}
{"level":"info","message":"Listening on port 3000...","timestamp":"2019-05-09T07:43:16.738Z"}
{"message":"Unexpected string in JSON at position 133","stack":"SyntaxError: Unexpected string in JSON at position 133\n    at JSON.parse (<anonymous>)\n    at parse (E:\\3rd\\SWE\\HR-System-Website\\Backend\\node_modules\\body-parser\\lib\\types\\json.js:89:19)\n    at E:\\3rd\\SWE\\HR-System-Website\\Backend\\node_modules\\body-parser\\lib\\read.js:121:18\n    at invokeCallback (E:\\3rd\\SWE\\HR-System-Website\\Backend\\node_modules\\raw-body\\index.js:224:16)\n    at done (E:\\3rd\\SWE\\HR-System-Website\\Backend\\node_modules\\raw-body\\index.js:213:7)\n    at IncomingMessage.onEnd (E:\\3rd\\SWE\\HR-System-Website\\Backend\\node_modules\\raw-body\\index.js:273:7)\n    at IncomingMessage.emit (events.js:189:13)\n    at endReadableNT (_stream_readable.js:1103:12)\n    at process._tickCallback (internal/process/next_tick.js:63:19)","expose":true,"statusCode":400,"status":400,"body":"{\n\t\"name\": \"Mohamed Mahmoud\",\n\t\"email\": \"mmm@mmm.mmm\",\n\t\"password\": \"123456789\",\n\t\"rePassword\": \"123456789\",\n\t\"phone\": \"0123456789\"\n\t\"role\": \"IT\",\n}","type":"entity.parse.failed","level":"error","timestamp":"2019-05-09T07:43:17.495Z"}
{"level":"info","message":"Connected to mongodb://localhost/HR...","timestamp":"2019-05-09T07:43:17.764Z"}
{"level":"info","message":"Listening on port 3000...","timestamp":"2019-05-09T07:43:24.989Z"}
{"level":"info","message":"Connected to mongodb://localhost/HR...","timestamp":"2019-05-09T07:43:26.019Z"}
{"level":"info","message":"Listening on port 3000...","timestamp":"2019-05-09T07:43:33.618Z"}
{"level":"info","message":"Connected to mongodb://localhost/HR...","timestamp":"2019-05-09T07:43:34.644Z"}
{"message":"Unexpected string in JSON at position 133","stack":"SyntaxError: Unexpected string in JSON at position 133\n    at JSON.parse (<anonymous>)\n    at parse (E:\\3rd\\SWE\\HR-System-Website\\Backend\\node_modules\\body-parser\\lib\\types\\json.js:89:19)\n    at E:\\3rd\\SWE\\HR-System-Website\\Backend\\node_modules\\body-parser\\lib\\read.js:121:18\n    at invokeCallback (E:\\3rd\\SWE\\HR-System-Website\\Backend\\node_modules\\raw-body\\index.js:224:16)\n    at done (E:\\3rd\\SWE\\HR-System-Website\\Backend\\node_modules\\raw-body\\index.js:213:7)\n    at IncomingMessage.onEnd (E:\\3rd\\SWE\\HR-System-Website\\Backend\\node_modules\\raw-body\\index.js:273:7)\n    at IncomingMessage.emit (events.js:189:13)\n    at endReadableNT (_stream_readable.js:1103:12)\n    at process._tickCallback (internal/process/next_tick.js:63:19)","expose":true,"statusCode":400,"status":400,"body":"{\n\t\"name\": \"Mohamed Mahmoud\",\n\t\"email\": \"mmm@mmm.mmm\",\n\t\"password\": \"123456789\",\n\t\"rePassword\": \"123456789\",\n\t\"phone\": \"0123456789\"\n\t\"role\": \"IT\"\n}","type":"entity.parse.failed","level":"error","timestamp":"2019-05-09T07:43:48.738Z"}
{"level":"info","message":"Listening on port 3000...","timestamp":"2019-05-09T07:44:04.726Z"}
{"level":"info","message":"Connected to mongodb://localhost/HR...","timestamp":"2019-05-09T07:44:05.756Z"}
{"message":"Unexpected string in JSON at position 133","stack":"SyntaxError: Unexpected string in JSON at position 133\n    at JSON.parse (<anonymous>)\n    at parse (E:\\3rd\\SWE\\HR-System-Website\\Backend\\node_modules\\body-parser\\lib\\types\\json.js:89:19)\n    at E:\\3rd\\SWE\\HR-System-Website\\Backend\\node_modules\\body-parser\\lib\\read.js:121:18\n    at invokeCallback (E:\\3rd\\SWE\\HR-System-Website\\Backend\\node_modules\\raw-body\\index.js:224:16)\n    at done (E:\\3rd\\SWE\\HR-System-Website\\Backend\\node_modules\\raw-body\\index.js:213:7)\n    at IncomingMessage.onEnd (E:\\3rd\\SWE\\HR-System-Website\\Backend\\node_modules\\raw-body\\index.js:273:7)\n    at IncomingMessage.emit (events.js:189:13)\n    at endReadableNT (_stream_readable.js:1103:12)\n    at process._tickCallback (internal/process/next_tick.js:63:19)","expose":true,"statusCode":400,"status":400,"body":"{\n\t\"name\": \"Mohamed Mahmoud\",\n\t\"email\": \"mmm@mmm.mmm\",\n\t\"password\": \"123456789\",\n\t\"rePassword\": \"123456789\",\n\t\"phone\": \"0123456789\"\n\t\"role\": \"IT\"\n}","type":"entity.parse.failed","level":"error","timestamp":"2019-05-09T07:44:08.689Z"}
{"message":"bcrypt is not defined","stack":"ReferenceError: bcrypt is not defined\n    at router.post (E:\\3rd\\SWE\\HR-System-Website\\Backend\\routes\\users.js:46:16)\n    at process._tickCallback (internal/process/next_tick.js:68:7)","level":"error","timestamp":"2019-05-09T07:44:19.016Z"}
{"level":"info","message":"Listening on port 3000...","timestamp":"2019-05-09T07:44:43.579Z"}
{"level":"info","message":"Connected to mongodb://localhost/HR...","timestamp":"2019-05-09T07:44:44.613Z"}
{"level":"info","message":"Listening on port 3000...","timestamp":"2019-05-09T07:45:45.558Z"}
{"level":"info","message":"Connected to mongodb://localhost/HR...","timestamp":"2019-05-09T07:45:46.585Z"}
{"level":"info","message":"Listening on port 3000...","timestamp":"2019-05-09T09:48:53.596Z"}
{"level":"info","message":"Connected to mongodb://localhost/HR...","timestamp":"2019-05-09T09:48:54.626Z"}
{"level":"info","message":"Listening on port 3000...","timestamp":"2019-05-09T10:28:10.508Z"}
{"level":"info","message":"Connected to mongodb://localhost/HR...","timestamp":"2019-05-09T10:28:11.538Z"}
{"level":"info","message":"Listening on port 3000...","timestamp":"2019-05-11T11:31:31.731Z"}
{"level":"info","message":"Connected to mongodb://localhost/HR...","timestamp":"2019-05-11T11:31:32.771Z"}
{"message":"bcrypt is not defined","stack":"ReferenceError: bcrypt is not defined\n    at router.post (E:\\3rd\\SWE\\HR-System-Website\\Backend\\routes\\auth.js:16:25)\n    at process._tickCallback (internal/process/next_tick.js:68:7)","level":"error","timestamp":"2019-05-11T11:33:54.929Z"}
{"level":"info","message":"Listening on port 3000...","timestamp":"2019-05-11T11:34:53.935Z"}
{"level":"info","message":"Connected to mongodb://localhost/HR...","timestamp":"2019-05-11T11:34:54.966Z"}
{"level":"info","message":"Listening on port 3000...","timestamp":"2019-05-11T11:43:36.633Z"}
{"level":"info","message":"Connected to mongodb://localhost/HR...","timestamp":"2019-05-11T11:43:37.671Z"}
{"level":"info","message":"Listening on port 3000...","timestamp":"2019-05-11T11:46:04.198Z"}
{"level":"info","message":"Connected to mongodb://localhost/HR...","timestamp":"2019-05-11T11:46:05.257Z"}
{"level":"info","message":"Listening on port 3000...","timestamp":"2019-05-11T11:49:44.638Z"}
{"level":"info","message":"Connected to mongodb://localhost/HR...","timestamp":"2019-05-11T11:49:45.679Z"}
{"level":"info","message":"Listening on port 3000...","timestamp":"2019-05-11T11:50:59.728Z"}
{"level":"info","message":"Connected to mongodb://localhost/HR...","timestamp":"2019-05-11T11:51:00.791Z"}
{"level":"info","message":"Listening on port 3000...","timestamp":"2019-05-11T11:53:10.562Z"}
{"level":"info","message":"Connected to mongodb://localhost/HR...","timestamp":"2019-05-11T11:53:11.594Z"}
{"level":"info","message":"Listening on port 3000...","timestamp":"2019-05-11T11:54:16.549Z"}
{"level":"info","message":"Connected to mongodb://localhost/HR...","timestamp":"2019-05-11T11:54:17.587Z"}
{"level":"info","message":"Listening on port 3000...","timestamp":"2019-05-11T11:57:35.935Z"}
{"level":"info","message":"Connected to mongodb://localhost/HR...","timestamp":"2019-05-11T11:57:36.967Z"}
{"level":"info","message":"Listening on port 3000...","timestamp":"2019-05-11T11:58:35.204Z"}
{"level":"info","message":"Connected to mongodb://localhost/HR...","timestamp":"2019-05-11T11:58:36.237Z"}
{"level":"info","message":"Listening on port 3000...","timestamp":"2019-05-11T12:00:33.857Z"}
{"level":"info","message":"Connected to mongodb://localhost/HR...","timestamp":"2019-05-11T12:00:34.893Z"}
{"level":"info","message":"Listening on port 3000...","timestamp":"2019-05-11T12:01:17.669Z"}
{"level":"info","message":"Connected to mongodb://localhost/HR...","timestamp":"2019-05-11T12:01:18.698Z"}
{"level":"info","message":"Listening on port 3000...","timestamp":"2019-05-11T12:04:46.673Z"}
{"level":"info","message":"Connected to mongodb://localhost/HR...","timestamp":"2019-05-11T12:04:47.706Z"}
{"level":"info","message":"Listening on port 3000...","timestamp":"2019-05-11T12:05:44.746Z"}
{"level":"info","message":"Connected to mongodb://localhost/HR...","timestamp":"2019-05-11T12:05:45.779Z"}
{"level":"info","message":"Listening on port 3000...","timestamp":"2019-05-11T21:49:34.374Z"}
{"level":"info","message":"Listening on port 3000...","timestamp":"2019-05-14T04:29:29.106Z"}
{"level":"info","message":"Connected to mongodb://localhost/HR...","timestamp":"2019-05-14T04:29:30.122Z"}
{"level":"info","message":"Listening on port 3000...","timestamp":"2019-05-14T04:38:33.887Z"}
{"level":"info","message":"Connected to mongodb://localhost/HR...","timestamp":"2019-05-14T04:38:34.905Z"}
{"level":"info","message":"Listening on port 3000...","timestamp":"2019-05-14T04:40:16.217Z"}
{"level":"info","message":"Connected to mongodb://localhost/HR...","timestamp":"2019-05-14T04:40:17.233Z"}
{"level":"info","message":"Listening on port 3000...","timestamp":"2019-05-14T04:40:18.813Z"}
{"level":"info","message":"Connected to mongodb://localhost/HR...","timestamp":"2019-05-14T04:40:19.833Z"}
{"level":"info","message":"Listening on port 3000...","timestamp":"2019-05-14T04:40:20.639Z"}
{"level":"info","message":"Listening on port 3000...","timestamp":"2019-05-14T04:40:21.587Z"}
{"level":"info","message":"Connected to mongodb://localhost/HR...","timestamp":"2019-05-14T04:40:22.604Z"}
{"level":"info","message":"Listening on port 3000...","timestamp":"2019-05-14T04:40:29.684Z"}
{"level":"info","message":"Connected to mongodb://localhost/HR...","timestamp":"2019-05-14T04:40:30.703Z"}
{"level":"info","message":"Listening on port 3000...","timestamp":"2019-05-14T04:40:50.179Z"}
{"level":"info","message":"Connected to mongodb://localhost/HR...","timestamp":"2019-05-14T04:40:51.209Z"}
{"level":"info","message":"Listening on port 3001...","timestamp":"2019-05-14T04:41:56.620Z"}
{"level":"info","message":"Connected to mongodb://localhost/HR...","timestamp":"2019-05-14T04:41:57.641Z"}
{"level":"info","message":"Listening on port 3001...","timestamp":"2019-05-14T04:44:46.923Z"}
{"level":"info","message":"Connected to mongodb://localhost/HR...","timestamp":"2019-05-14T04:44:47.940Z"}
{"level":"info","message":"Listening on port 3001...","timestamp":"2019-05-14T04:51:19.223Z"}
{"level":"info","message":"Connected to mongodb://localhost/HR...","timestamp":"2019-05-14T04:51:20.244Z"}
{"level":"info","message":"Listening on port 3001...","timestamp":"2019-05-14T04:51:31.438Z"}
{"level":"info","message":"Connected to mongodb://localhost/HR...","timestamp":"2019-05-14T04:51:32.454Z"}
{"level":"info","message":"Listening on port 3001...","timestamp":"2019-05-14T05:32:07.125Z"}
{"level":"info","message":"Connected to mongodb://localhost/HR...","timestamp":"2019-05-14T05:32:08.141Z"}
{"level":"info","message":"Listening on port 3001...","timestamp":"2019-05-14T05:33:19.513Z"}
{"level":"info","message":"Connected to mongodb://localhost/HR...","timestamp":"2019-05-14T05:33:20.532Z"}
{"level":"info","message":"Listening on port 3001...","timestamp":"2019-05-14T06:19:34.221Z"}
{"level":"info","message":"Connected to mongodb://localhost/HR...","timestamp":"2019-05-14T06:19:35.237Z"}
{"level":"info","message":"Listening on port 3001...","timestamp":"2019-05-14T06:27:59.745Z"}
{"level":"info","message":"Connected to mongodb://localhost/HR...","timestamp":"2019-05-14T06:28:00.765Z"}
{"level":"info","message":"Listening on port 3001...","timestamp":"2019-05-14T06:40:32.403Z"}
{"level":"info","message":"Connected to mongodb://localhost/HR...","timestamp":"2019-05-14T06:40:33.421Z"}
{"level":"info","message":"Listening on port 3001...","timestamp":"2019-05-14T10:20:14.300Z"}
{"level":"info","message":"Connected to mongodb://localhost/HR...","timestamp":"2019-05-14T10:20:15.333Z"}
{"level":"info","message":"Listening on port 3001...","timestamp":"2019-05-14T10:36:15.017Z"}
{"level":"info","message":"Connected to mongodb://localhost/HR...","timestamp":"2019-05-14T10:36:16.054Z"}
{"level":"info","message":"Listening on port 3001...","timestamp":"2019-05-15T00:14:11.907Z"}
{"level":"info","message":"Connected to mongodb://localhost/HR...","timestamp":"2019-05-15T00:14:12.927Z"}
{"level":"info","message":"Listening on port 3001...","timestamp":"2019-05-15T00:56:16.728Z"}
{"level":"info","message":"Connected to mongodb://localhost/HR...","timestamp":"2019-05-15T00:56:17.743Z"}
